<?xml version="1.0" encoding="UTF-8"?>
<!-- Generated by org.testng.reporters.JUnitXMLReporter -->
<testsuite ignored="0" hostname="Deepika" failures="0" tests="1" name="Test" time="0.077" errors="0" timestamp="2023-07-06T19:15:25 IST">
  <testcase classname="lambdatest.Lambdatest" name="@BeforeMethod setUp" time="-1.688651125651E9">
    <failure type="java.lang.IllegalArgumentException" message="No enum constant org.openqa.selenium.Platform.Win10">
      <![CDATA[java.lang.IllegalArgumentException: No enum constant org.openqa.selenium.Platform.Win10
at java.base/java.lang.Enum.valueOf(Enum.java:273)
at java.base/java.util.concurrent.ThreadPoolExecutor.runWorker(ThreadPoolExecutor.java:1136)
at java.base/java.util.concurrent.ThreadPoolExecutor$Worker.run(ThreadPoolExecutor.java:635)
at java.base/java.lang.Thread.run(Thread.java:833)
... Removed 14 stack frames]]>
    </failure>
  </testcase> <!-- @BeforeMethod setUp -->
  <testcase classname="lambdatest.Lambdatest" name="@AfterMethod teardown" time="-1.688651125674E9">
    <skipped/>
  </testcase> <!-- @AfterMethod teardown -->
  <testcase classname="lambdatest.Lambdatest" name="ClickTheCheckboxDemo" time="0.0">
    <skipped/>
  </testcase> <!-- ClickTheCheckboxDemo -->
</testsuite> <!-- Test -->
