<?xml version="1.0" encoding="UTF-8"?>
<!-- Generated by org.testng.reporters.JUnitXMLReporter -->
<testsuite ignored="0" hostname="Deepika" failures="0" tests="3" name="ChromeTest" time="0.966" errors="0" timestamp="2023-07-06T21:04:24 IST">
  <testcase classname="lambdatest.Lambdatest" name="@BeforeClass setUp" time="0.932">
    <failure type="org.openqa.selenium.SessionNotCreatedException" message="Could not start a new session. Response code 400. Message: You might be using selenium 4, please refer to capability generator https://www.lambdatest.com/capabilities-generator for selenium 4 capabilities or contact support 
Host info: host: &amp;apos;DEEPIKA&amp;apos;, ip: &amp;apos;192.168.1.4&amp;apos;
Build info: version: &amp;apos;4.10.0&amp;apos;, revision: &amp;apos;c14d967899&amp;apos;
System info: os.name: &amp;apos;Windows 11&amp;apos;, os.arch: &amp;apos;amd64&amp;apos;, os.version: &amp;apos;10.0&amp;apos;, java.version: &amp;apos;17.0.5&amp;apos;
Driver info: org.openqa.selenium.remote.RemoteWebDriver
Command: [null, newSession {capabilities=[Capabilities {browserName: chrome, browserVersion: 88.0, goog:chromeOptions: {args: [--remote-allow-origins=*], extensions: []}, platformName: Windows 10}]}]
Capabilities {browserName: chrome, browserVersion: 88.0, goog:chromeOptions: {args: [--remote-allow-origins=*], extensions: []}, platformName: Windows 10}">
      <![CDATA[org.openqa.selenium.SessionNotCreatedException: Could not start a new session. Response code 400. Message: You might be using selenium 4, please refer to capability generator https://www.lambdatest.com/capabilities-generator for selenium 4 capabilities or contact support 
Host info: host: 'DEEPIKA', ip: '192.168.1.4'
Build info: version: '4.10.0', revision: 'c14d967899'
System info: os.name: 'Windows 11', os.arch: 'amd64', os.version: '10.0', java.version: '17.0.5'
Driver info: org.openqa.selenium.remote.RemoteWebDriver
Command: [null, newSession {capabilities=[Capabilities {browserName: chrome, browserVersion: 88.0, goog:chromeOptions: {args: [--remote-allow-origins=*], extensions: []}, platformName: Windows 10}]}]
Capabilities {browserName: chrome, browserVersion: 88.0, goog:chromeOptions: {args: [--remote-allow-origins=*], extensions: []}, platformName: Windows 10}
at org.openqa.selenium.remote.ProtocolHandshake.createSession(ProtocolHandshake.java:140)
at org.openqa.selenium.remote.ProtocolHandshake.createSession(ProtocolHandshake.java:96)
at org.openqa.selenium.remote.ProtocolHandshake.createSession(ProtocolHandshake.java:68)
at org.openqa.selenium.remote.HttpCommandExecutor.execute(HttpCommandExecutor.java:163)
at org.openqa.selenium.remote.TracedCommandExecutor.execute(TracedCommandExecutor.java:51)
at org.openqa.selenium.remote.RemoteWebDriver.execute(RemoteWebDriver.java:531)
at org.openqa.selenium.remote.RemoteWebDriver.startSession(RemoteWebDriver.java:227)
at org.openqa.selenium.remote.RemoteWebDriver.<init>(RemoteWebDriver.java:154)
at org.openqa.selenium.remote.RemoteWebDriver.<init>(RemoteWebDriver.java:134)
at lambdatest.Lambdatest.setUp(Lambdatest.java:51)
at java.base/java.util.concurrent.ThreadPoolExecutor.runWorker(ThreadPoolExecutor.java:1136)
at java.base/java.util.concurrent.ThreadPoolExecutor$Worker.run(ThreadPoolExecutor.java:635)
at java.base/java.lang.Thread.run(Thread.java:833)
... Removed 10 stack frames]]>
    </failure>
  </testcase> <!-- @BeforeClass setUp -->
  <testcase classname="lambdatest.Lambdatest" name="@AfterClass tearDown" time="-1.688657664484E9">
    <skipped/>
  </testcase> <!-- @AfterClass tearDown -->
  <testcase classname="lambdatest.Lambdatest" name="testScenario1" time="0.0">
    <skipped/>
  </testcase> <!-- testScenario1 -->
  <testcase classname="lambdatest.Lambdatest" name="testScenario2" time="0.0">
    <skipped/>
  </testcase> <!-- testScenario2 -->
  <testcase classname="lambdatest.Lambdatest" name="testScenario3" time="0.0">
    <skipped/>
  </testcase> <!-- testScenario3 -->
</testsuite> <!-- ChromeTest -->
